Flow report for DDS
Tue Sep 07 08:55:32 2021
Quartus Prime Version 18.1.0 Build 625 09/12/2018 SJ Standard Edition


---------------------
; Table of Contents ;
---------------------
  1. Legal Notice
  2. Flow Summary
  3. Flow Settings
  4. Flow Non-Default Global Settings
  5. Flow Elapsed Time
  6. Flow OS Summary
  7. Flow Log
  8. Flow Messages
  9. Flow Suppressed Messages



----------------
; Legal Notice ;
----------------
Copyright (C) 2018  Intel Corporation. All rights reserved.
Your use of Intel Corporation's design tools, logic functions 
and other software and tools, and its AMPP partner logic 
functions, and any output files from any of the foregoing 
(including device programming or simulation files), and any 
associated documentation or information are expressly subject 
to the terms and conditions of the Intel Program License 
Subscription Agreement, the Intel Quartus Prime License Agreement,
the Intel FPGA IP License Agreement, or other applicable license
agreement, including, without limitation, that your use is for
the sole purpose of programming logic devices manufactured by
Intel and sold by Intel or its authorized distributors.  Please
refer to the applicable agreement for further details.



+--------------------------------------------------------------------------------------+
; Flow Summary                                                                         ;
+------------------------------------+-------------------------------------------------+
; Flow Status                        ; Successful - Tue Sep 07 08:55:26 2021           ;
; Quartus Prime Version              ; 18.1.0 Build 625 09/12/2018 SJ Standard Edition ;
; Revision Name                      ; DDS                                             ;
; Top-level Entity Name              ; adda_out                                        ;
; Family                             ; Cyclone IV E                                    ;
; Device                             ; EP4CE6F17C8                                     ;
; Timing Models                      ; Final                                           ;
; Total logic elements               ; 2,661 / 6,272 ( 42 % )                          ;
;     Total combinational functions  ; 2,648 / 6,272 ( 42 % )                          ;
;     Dedicated logic registers      ; 198 / 6,272 ( 3 % )                             ;
; Total registers                    ; 198                                             ;
; Total pins                         ; 16 / 180 ( 9 % )                                ;
; Total virtual pins                 ; 0                                               ;
; Total memory bits                  ; 6,144 / 276,480 ( 2 % )                         ;
; Embedded Multiplier 9-bit elements ; 14 / 30 ( 47 % )                                ;
; Total PLLs                         ; 0 / 2 ( 0 % )                                   ;
+------------------------------------+-------------------------------------------------+


+-----------------------------------------+
; Flow Settings                           ;
+-------------------+---------------------+
; Option            ; Setting             ;
+-------------------+---------------------+
; Start date & time ; 09/07/2021 08:54:49 ;
; Main task         ; Compilation         ;
; Revision Name     ; DDS                 ;
+-------------------+---------------------+


+-------------------------------------------------------------------------------------------------------------------------+
; Flow Non-Default Global Settings                                                                                        ;
+-------------------------------------+----------------------------------------+---------------+-------------+------------+
; Assignment Name                     ; Value                                  ; Default Value ; Entity Name ; Section Id ;
+-------------------------------------+----------------------------------------+---------------+-------------+------------+
; COMPILER_SIGNATURE_ID               ; 154027290586572.163097608918464        ; --            ; --          ; --         ;
; MAX_CORE_JUNCTION_TEMP              ; 85                                     ; --            ; --          ; --         ;
; MIN_CORE_JUNCTION_TEMP              ; 0                                      ; --            ; --          ; --         ;
; MISC_FILE                           ; rom_ip/sin_inst.v                      ; --            ; --          ; --         ;
; MISC_FILE                           ; rom_ip/sin_bb.v                        ; --            ; --          ; --         ;
; MISC_FILE                           ; rom_ip/tri_x_inst.v                    ; --            ; --          ; --         ;
; MISC_FILE                           ; rom_ip/tri_x_bb.v                      ; --            ; --          ; --         ;
; MISC_FILE                           ; rom_ip/rec_inst.v                      ; --            ; --          ; --         ;
; MISC_FILE                           ; rom_ip/rec_bb.v                        ; --            ; --          ; --         ;
; NOMINAL_CORE_SUPPLY_VOLTAGE         ; 1.2V                                   ; --            ; --          ; --         ;
; PARTITION_COLOR                     ; -- (Not supported for targeted family) ; --            ; adda_out    ; Top        ;
; PARTITION_FITTER_PRESERVATION_LEVEL ; -- (Not supported for targeted family) ; --            ; adda_out    ; Top        ;
; PARTITION_NETLIST_TYPE              ; -- (Not supported for targeted family) ; --            ; adda_out    ; Top        ;
; PROJECT_OUTPUT_DIRECTORY            ; output_files                           ; --            ; --          ; --         ;
; TOP_LEVEL_ENTITY                    ; adda_out                               ; DDS           ; --          ; --         ;
+-------------------------------------+----------------------------------------+---------------+-------------+------------+


+--------------------------------------------------------------------------------------------------------------------------+
; Flow Elapsed Time                                                                                                        ;
+----------------------+--------------+-------------------------+---------------------+------------------------------------+
; Module Name          ; Elapsed Time ; Average Processors Used ; Peak Virtual Memory ; Total CPU Time (on all processors) ;
+----------------------+--------------+-------------------------+---------------------+------------------------------------+
; Analysis & Synthesis ; 00:00:19     ; 1.0                     ; 4797 MB             ; 00:00:30                           ;
; Fitter               ; 00:00:14     ; 1.1                     ; 5543 MB             ; 00:00:22                           ;
; Assembler            ; 00:00:01     ; 1.0                     ; 4672 MB             ; 00:00:01                           ;
; Timing Analyzer      ; 00:00:05     ; 1.6                     ; 4831 MB             ; 00:00:05                           ;
; Total                ; 00:00:39     ; --                      ; --                  ; 00:00:58                           ;
+----------------------+--------------+-------------------------+---------------------+------------------------------------+


+------------------------------------------------------------------------------------+
; Flow OS Summary                                                                    ;
+----------------------+------------------+------------+------------+----------------+
; Module Name          ; Machine Hostname ; OS Name    ; OS Version ; Processor type ;
+----------------------+------------------+------------+------------+----------------+
; Analysis & Synthesis ; LAPTOP-7TUI81E5  ; Windows 10 ; 10.0       ; x86_64         ;
; Fitter               ; LAPTOP-7TUI81E5  ; Windows 10 ; 10.0       ; x86_64         ;
; Assembler            ; LAPTOP-7TUI81E5  ; Windows 10 ; 10.0       ; x86_64         ;
; Timing Analyzer      ; LAPTOP-7TUI81E5  ; Windows 10 ; 10.0       ; x86_64         ;
+----------------------+------------------+------------+------------+----------------+


------------
; Flow Log ;
------------
quartus_map --read_settings_files=on --write_settings_files=off DDS -c DDS
quartus_fit --read_settings_files=off --write_settings_files=off DDS -c DDS
quartus_asm --read_settings_files=off --write_settings_files=off DDS -c DDS
quartus_sta DDS -c DDS



