Assembler report for adda
Fri Sep 11 17:12:59 2020
Quartus Prime Version 17.1.0 Build 590 10/25/2017 SJ Standard Edition


---------------------
; Table of Contents ;
---------------------
  1. Legal Notice
  2. Assembler Summary
  3. Assembler Settings
  4. Assembler Generated Files
  5. Assembler Device Options: C:/Users/86150/Desktop/verilog/fir30k/output_files/adda.sof
  6. Assembler Messages



----------------
; Legal Notice ;
----------------
Copyright (C) 2017  Intel Corporation. All rights reserved.
Your use of Intel Corporation's design tools, logic functions 
and other software and tools, and its AMPP partner logic 
functions, and any output files from any of the foregoing 
(including device programming or simulation files), and any 
associated documentation or information are expressly subject 
to the terms and conditions of the Intel Program License 
Subscription Agreement, the Intel Quartus Prime License Agreement,
the Intel FPGA IP License Agreement, or other applicable license
agreement, including, without limitation, that your use is for
the sole purpose of programming logic devices manufactured by
Intel and sold by Intel or its authorized distributors.  Please
refer to the applicable agreement for further details.



+---------------------------------------------------------------+
; Assembler Summary                                             ;
+-----------------------+---------------------------------------+
; Assembler Status      ; Successful - Fri Sep 11 17:12:59 2020 ;
; Revision Name         ; adda                                  ;
; Top-level Entity Name ; adda                                  ;
; Family                ; Cyclone IV E                          ;
; Device                ; EP4CE6F17C8                           ;
+-----------------------+---------------------------------------+


+----------------------------------+
; Assembler Settings               ;
+--------+---------+---------------+
; Option ; Setting ; Default Value ;
+--------+---------+---------------+


+-------------------------------------------------------------+
; Assembler Generated Files                                   ;
+-------------------------------------------------------------+
; File Name                                                   ;
+-------------------------------------------------------------+
; C:/Users/86150/Desktop/verilog/fir30k/output_files/adda.sof ;
+-------------------------------------------------------------+


+---------------------------------------------------------------------------------------+
; Assembler Device Options: C:/Users/86150/Desktop/verilog/fir30k/output_files/adda.sof ;
+----------------+----------------------------------------------------------------------+
; Option         ; Setting                                                              ;
+----------------+----------------------------------------------------------------------+
; JTAG usercode  ; 0x001C752B                                                           ;
; Checksum       ; 0x001C752B                                                           ;
+----------------+----------------------------------------------------------------------+


+--------------------+
; Assembler Messages ;
+--------------------+
Info: *******************************************************************
Info: Running Quartus Prime Assembler
    Info: Version 17.1.0 Build 590 10/25/2017 SJ Standard Edition
    Info: Processing started: Fri Sep 11 17:12:58 2020
Info: Command: quartus_asm --read_settings_files=off --write_settings_files=off adda -c adda
Warning (18236): Number of processors has not been specified which may cause overloading on shared machines.  Set the global assignment NUM_PARALLEL_PROCESSORS in your QSF to an appropriate value for best performance.
Info (115031): Writing out detailed assembly data for power analysis
Info (115030): Assembler is generating device programming files
Info: Quartus Prime Assembler was successful. 0 errors, 1 warning
    Info: Peak virtual memory: 4682 megabytes
    Info: Processing ended: Fri Sep 11 17:12:59 2020
    Info: Elapsed time: 00:00:01
    Info: Total CPU time (on all processors): 00:00:01


